2017-02-28 20:19:55.839+0000 WARN  [o.n.i.p.PageCache] The dbms.memory.pagecache.size setting has not been configured. It is recommended that this setting is always explicitly configured, to ensure the system has a balanced configuration. Until then, a computed heuristic value of 3310166016 bytes will be used instead. 
2017-02-28 20:19:55.872+0000 INFO  [o.n.k.i.f.CommunityEditionModule] No locking implementation specified, defaulting to 'community'
2017-02-28 20:19:55.880+0000 INFO  [o.n.k.AvailabilityGuard] Requirement makes database unavailable: Database available
2017-02-28 20:19:55.884+0000 INFO  [o.n.k.i.DiagnosticsManager] --- INITIALIZED diagnostics START ---
2017-02-28 20:19:55.884+0000 INFO  [o.n.k.i.DiagnosticsManager] Neo4j Kernel properties:
2017-02-28 20:19:55.884+0000 INFO  [o.n.k.i.DiagnosticsManager] dbms.connector.http.enabled=true
2017-02-28 20:19:55.884+0000 INFO  [o.n.k.i.DiagnosticsManager] dbms.security.auth_enabled=false
2017-02-28 20:19:55.884+0000 INFO  [o.n.k.i.DiagnosticsManager] dbms.logs.http.enabled=false
2017-02-28 20:19:55.884+0000 INFO  [o.n.k.i.DiagnosticsManager] unsupported.dbms.directories.neo4j_home=C:\Users\localadmin\Documents\Code Repositories\GraphDb\Bourne
2017-02-28 20:19:55.884+0000 INFO  [o.n.k.i.DiagnosticsManager] dbms.directories.import=import
2017-02-28 20:19:55.884+0000 INFO  [o.n.k.i.DiagnosticsManager] unsupported.dbms.edition=community
2017-02-28 20:19:55.884+0000 INFO  [o.n.k.i.DiagnosticsManager] dbms.connector.bolt.enabled=true
2017-02-28 20:19:55.884+0000 INFO  [o.n.k.i.DiagnosticsManager] dbms.connector.https.enabled=true
2017-02-28 20:19:55.884+0000 INFO  [o.n.k.i.DiagnosticsManager] unsupported.dbms.directories.database=C:\Users\localadmin\Documents\Code Repositories\GraphDb\Bourne
2017-02-28 20:19:55.884+0000 INFO  [o.n.k.i.DiagnosticsManager] Diagnostics providers:
2017-02-28 20:19:55.884+0000 INFO  [o.n.k.i.DiagnosticsManager] org.neo4j.kernel.configuration.Config
2017-02-28 20:19:55.884+0000 INFO  [o.n.k.i.DiagnosticsManager] org.neo4j.kernel.info.DiagnosticsManager
2017-02-28 20:19:55.884+0000 INFO  [o.n.k.i.DiagnosticsManager] SYSTEM_MEMORY
2017-02-28 20:19:55.884+0000 INFO  [o.n.k.i.DiagnosticsManager] JAVA_MEMORY
2017-02-28 20:19:55.884+0000 INFO  [o.n.k.i.DiagnosticsManager] OPERATING_SYSTEM
2017-02-28 20:19:55.884+0000 INFO  [o.n.k.i.DiagnosticsManager] JAVA_VIRTUAL_MACHINE
2017-02-28 20:19:55.884+0000 INFO  [o.n.k.i.DiagnosticsManager] CLASSPATH
2017-02-28 20:19:55.884+0000 INFO  [o.n.k.i.DiagnosticsManager] LIBRARY_PATH
2017-02-28 20:19:55.884+0000 INFO  [o.n.k.i.DiagnosticsManager] SYSTEM_PROPERTIES
2017-02-28 20:19:55.884+0000 INFO  [o.n.k.i.DiagnosticsManager] NETWORK
2017-02-28 20:19:55.884+0000 INFO  [o.n.k.i.DiagnosticsManager] System memory information:
2017-02-28 20:19:55.884+0000 INFO  [o.n.k.i.DiagnosticsManager] Total Physical memory: 7.93 GB
2017-02-28 20:19:55.884+0000 INFO  [o.n.k.i.DiagnosticsManager] Free Physical memory: 2.04 GB
2017-02-28 20:19:55.884+0000 INFO  [o.n.k.i.DiagnosticsManager] Committed virtual memory: 730.18 MB
2017-02-28 20:19:55.884+0000 INFO  [o.n.k.i.DiagnosticsManager] Total swap space: 11.12 GB
2017-02-28 20:19:55.884+0000 INFO  [o.n.k.i.DiagnosticsManager] Free swap space: 2.17 GB
2017-02-28 20:19:55.884+0000 INFO  [o.n.k.i.DiagnosticsManager] JVM memory information:
2017-02-28 20:19:55.884+0000 INFO  [o.n.k.i.DiagnosticsManager] Free  memory: 161.54 MB
2017-02-28 20:19:55.884+0000 INFO  [o.n.k.i.DiagnosticsManager] Total memory: 300.00 MB
2017-02-28 20:19:55.885+0000 INFO  [o.n.k.i.DiagnosticsManager] Max   memory: 1.76 GB
2017-02-28 20:19:55.885+0000 INFO  [o.n.k.i.DiagnosticsManager] Garbage Collector: PS Scavenge: [PS Eden Space, PS Survivor Space]
2017-02-28 20:19:55.885+0000 INFO  [o.n.k.i.DiagnosticsManager] Garbage Collector: PS MarkSweep: [PS Eden Space, PS Survivor Space, PS Old Gen]
2017-02-28 20:19:55.885+0000 INFO  [o.n.k.i.DiagnosticsManager] Memory Pool: Code Cache (Non-heap memory): committed=30.88 MB, used=29.95 MB, max=240.00 MB, threshold=0.00 B
2017-02-28 20:19:55.885+0000 INFO  [o.n.k.i.DiagnosticsManager] Memory Pool: Metaspace (Non-heap memory): committed=79.63 MB, used=77.55 MB, max=-1.00 B, threshold=0.00 B
2017-02-28 20:19:55.885+0000 INFO  [o.n.k.i.DiagnosticsManager] Memory Pool: Compressed Class Space (Non-heap memory): committed=12.38 MB, used=11.94 MB, max=1.00 GB, threshold=0.00 B
2017-02-28 20:19:55.885+0000 INFO  [o.n.k.i.DiagnosticsManager] Memory Pool: PS Eden Space (Heap memory): committed=76.50 MB, used=60.00 MB, max=630.00 MB, threshold=?
2017-02-28 20:19:55.885+0000 INFO  [o.n.k.i.DiagnosticsManager] Memory Pool: PS Survivor Space (Heap memory): committed=22.50 MB, used=16.98 MB, max=22.50 MB, threshold=?
2017-02-28 20:19:55.885+0000 INFO  [o.n.k.i.DiagnosticsManager] Memory Pool: PS Old Gen (Heap memory): committed=201.00 MB, used=61.48 MB, max=1.32 GB, threshold=0.00 B
2017-02-28 20:19:55.885+0000 INFO  [o.n.k.i.DiagnosticsManager] Operating system information:
2017-02-28 20:19:55.885+0000 INFO  [o.n.k.i.DiagnosticsManager] Operating System: Windows 10; version: 10.0; arch: amd64; cpus: 4
2017-02-28 20:19:55.886+0000 INFO  [o.n.k.i.DiagnosticsManager] Process id: 972@Sakura
2017-02-28 20:19:55.886+0000 INFO  [o.n.k.i.DiagnosticsManager] Byte order: LITTLE_ENDIAN
2017-02-28 20:19:55.886+0000 INFO  [o.n.k.i.DiagnosticsManager] Local timezone: America/New_York
2017-02-28 20:19:55.886+0000 INFO  [o.n.k.i.DiagnosticsManager] JVM information:
2017-02-28 20:19:55.886+0000 INFO  [o.n.k.i.DiagnosticsManager] VM Name: Java HotSpot(TM) 64-Bit Server VM
2017-02-28 20:19:55.886+0000 INFO  [o.n.k.i.DiagnosticsManager] VM Vendor: Oracle Corporation
2017-02-28 20:19:55.886+0000 INFO  [o.n.k.i.DiagnosticsManager] VM Version: 25.121-b13
2017-02-28 20:19:55.886+0000 INFO  [o.n.k.i.DiagnosticsManager] JIT compiler: HotSpot 64-Bit Tiered Compilers
2017-02-28 20:19:55.886+0000 INFO  [o.n.k.i.DiagnosticsManager] VM Arguments: [-Dexe4j.semaphoreName=Local\c:_program_files_neo4j_ce_3.1.1_bin_neo4j-ce.exe, -Dexe4j.isInstall4j=true, -Dexe4j.moduleName=C:\Program Files\Neo4j CE 3.1.1\bin\neo4j-ce.exe, -Dexe4j.tempDir=, -Dexe4j.unextractedPosition=0, -Djava.library.path=C:\Python27\;C:\Python27\Scripts;C:\Python27-32\;C:\Python27-32\Scripts;C:\ProgramData\Oracle\Java\javapath;C:\WINDOWS\system32;C:\WINDOWS;C:\WINDOWS\System32\Wbem;C:\WINDOWS\System32\WindowsPowerShell\v1.0\;C:\Program Files\Git\cmd;C:\Program Files\OpenVPN\bin;C:\MinGW\bin;C:\Program Files (x86)\Graphviz2.38\bin;C:\Ruby23\bin;C:\Users\localadmin\AppData\Local\Microsoft\WindowsApps;c:\program files\java\jre1.8.0_121\bin, -Dexe4j.consoleCodepage=cp0, -Dinstall4j.launcherId=24, -Dinstall4j.swt=false]
2017-02-28 20:19:55.886+0000 INFO  [o.n.k.i.DiagnosticsManager] Java classpath:
2017-02-28 20:19:55.888+0000 INFO  [o.n.k.i.DiagnosticsManager]  [bootstrap] C:\Program Files\Java\jre1.8.0_121\lib\resources.jar
2017-02-28 20:19:55.888+0000 INFO  [o.n.k.i.DiagnosticsManager]  [loader.1] file:/C:/Program%20Files/Java/jre1.8.0_121/lib/ext/nashorn.jar
2017-02-28 20:19:55.888+0000 INFO  [o.n.k.i.DiagnosticsManager]  [loader.1] file:/C:/Program%20Files/Java/jre1.8.0_121/lib/ext/cldrdata.jar
2017-02-28 20:19:55.888+0000 INFO  [o.n.k.i.DiagnosticsManager]  [bootstrap] C:\Program Files\Java\jre1.8.0_121\lib\jce.jar
2017-02-28 20:19:55.888+0000 INFO  [o.n.k.i.DiagnosticsManager]  [loader.1] file:/C:/Program%20Files/Java/jre1.8.0_121/lib/ext/sunec.jar
2017-02-28 20:19:55.888+0000 INFO  [o.n.k.i.DiagnosticsManager]  [loader.1] file:/C:/Program%20Files/Java/jre1.8.0_121/lib/ext/sunpkcs11.jar
2017-02-28 20:19:55.888+0000 INFO  [o.n.k.i.DiagnosticsManager]  [bootstrap] C:\Program Files\Java\jre1.8.0_121\lib\sunrsasign.jar
2017-02-28 20:19:55.888+0000 INFO  [o.n.k.i.DiagnosticsManager]  [bootstrap] C:\Program Files\Java\jre1.8.0_121\classes
2017-02-28 20:19:55.888+0000 INFO  [o.n.k.i.DiagnosticsManager]  [loader.1] file:/C:/Program%20Files/Java/jre1.8.0_121/lib/ext/sunmscapi.jar
2017-02-28 20:19:55.888+0000 INFO  [o.n.k.i.DiagnosticsManager]  [loader.1] file:/C:/Program%20Files/Java/jre1.8.0_121/lib/ext/access-bridge-64.jar
2017-02-28 20:19:55.888+0000 INFO  [o.n.k.i.DiagnosticsManager]  [bootstrap] C:\Program Files\Java\jre1.8.0_121\lib\jsse.jar
2017-02-28 20:19:55.888+0000 INFO  [o.n.k.i.DiagnosticsManager]  [loader.0] file:/C:/Program%20Files/Neo4j%20CE%203.1.1/.install4j/i4jruntime.jar
2017-02-28 20:19:55.888+0000 INFO  [o.n.k.i.DiagnosticsManager]  [bootstrap] C:\Program Files\Java\jre1.8.0_121\lib\jfr.jar
2017-02-28 20:19:55.888+0000 INFO  [o.n.k.i.DiagnosticsManager]  [bootstrap] C:\Program Files\Java\jre1.8.0_121\lib\rt.jar
2017-02-28 20:19:55.888+0000 INFO  [o.n.k.i.DiagnosticsManager]  [loader.1] file:/C:/Program%20Files/Java/jre1.8.0_121/lib/ext/jfxrt.jar
2017-02-28 20:19:55.888+0000 INFO  [o.n.k.i.DiagnosticsManager]  [loader.1] file:/C:/Program%20Files/Java/jre1.8.0_121/lib/ext/zipfs.jar
2017-02-28 20:19:55.888+0000 INFO  [o.n.k.i.DiagnosticsManager]  [loader.0] file:/C:/Program%20Files/Neo4j%20CE%203.1.1/bin/neo4j-desktop-3.1.1.jar
2017-02-28 20:19:55.888+0000 INFO  [o.n.k.i.DiagnosticsManager]  [bootstrap] C:\Program Files\Java\jre1.8.0_121\lib\charsets.jar
2017-02-28 20:19:55.888+0000 INFO  [o.n.k.i.DiagnosticsManager]  [classpath] C:\Program Files\Neo4j CE 3.1.1\bin\neo4j-desktop-3.1.1.jar
2017-02-28 20:19:55.888+0000 INFO  [o.n.k.i.DiagnosticsManager]  [classpath] C:\Program Files\Neo4j CE 3.1.1\.install4j\i4jruntime.jar
2017-02-28 20:19:55.888+0000 INFO  [o.n.k.i.DiagnosticsManager]  [loader.1] file:/C:/Program%20Files/Java/jre1.8.0_121/lib/ext/dnsns.jar
2017-02-28 20:19:55.888+0000 INFO  [o.n.k.i.DiagnosticsManager]  [loader.1] file:/C:/Program%20Files/Java/jre1.8.0_121/lib/ext/localedata.jar
2017-02-28 20:19:55.888+0000 INFO  [o.n.k.i.DiagnosticsManager]  [loader.1] file:/C:/Program%20Files/Java/jre1.8.0_121/lib/ext/sunjce_provider.jar
2017-02-28 20:19:55.888+0000 INFO  [o.n.k.i.DiagnosticsManager]  [loader.1] file:/C:/Program%20Files/Java/jre1.8.0_121/lib/ext/jaccess.jar
2017-02-28 20:19:55.888+0000 INFO  [o.n.k.i.DiagnosticsManager] Library path:
2017-02-28 20:19:55.888+0000 INFO  [o.n.k.i.DiagnosticsManager] C:\Python27
2017-02-28 20:19:55.888+0000 INFO  [o.n.k.i.DiagnosticsManager] C:\Python27\Scripts
2017-02-28 20:19:55.888+0000 INFO  [o.n.k.i.DiagnosticsManager] C:\Python27-32
2017-02-28 20:19:55.888+0000 INFO  [o.n.k.i.DiagnosticsManager] C:\Python27-32\Scripts
2017-02-28 20:19:55.889+0000 INFO  [o.n.k.i.DiagnosticsManager] C:\ProgramData\Oracle\Java\javapath
2017-02-28 20:19:55.889+0000 INFO  [o.n.k.i.DiagnosticsManager] C:\Windows\System32
2017-02-28 20:19:55.889+0000 INFO  [o.n.k.i.DiagnosticsManager] C:\Windows
2017-02-28 20:19:55.889+0000 INFO  [o.n.k.i.DiagnosticsManager] C:\Windows\System32\wbem
2017-02-28 20:19:55.889+0000 INFO  [o.n.k.i.DiagnosticsManager] C:\Windows\System32\WindowsPowerShell\v1.0
2017-02-28 20:19:55.889+0000 INFO  [o.n.k.i.DiagnosticsManager] C:\Program Files\Git\cmd
2017-02-28 20:19:55.889+0000 INFO  [o.n.k.i.DiagnosticsManager] C:\Program Files\OpenVPN\bin
2017-02-28 20:19:55.889+0000 INFO  [o.n.k.i.DiagnosticsManager] C:\MinGW\bin
2017-02-28 20:19:55.890+0000 INFO  [o.n.k.i.DiagnosticsManager] C:\Program Files (x86)\Graphviz2.38\bin
2017-02-28 20:19:55.890+0000 INFO  [o.n.k.i.DiagnosticsManager] C:\Ruby23\bin
2017-02-28 20:19:55.891+0000 INFO  [o.n.k.i.DiagnosticsManager] C:\Users\localadmin\AppData\Local\Microsoft\WindowsApps
2017-02-28 20:19:55.891+0000 INFO  [o.n.k.i.DiagnosticsManager] C:\Program Files\Java\jre1.8.0_121\bin
2017-02-28 20:19:55.891+0000 INFO  [o.n.k.i.DiagnosticsManager] System.properties:
2017-02-28 20:19:55.891+0000 INFO  [o.n.k.i.DiagnosticsManager] exe4j.moduleName = C:\Program Files\Neo4j CE 3.1.1\bin\neo4j-ce.exe
2017-02-28 20:19:55.891+0000 INFO  [o.n.k.i.DiagnosticsManager] exe4j.semaphoreName = Local\c:_program_files_neo4j_ce_3.1.1_bin_neo4j-ce.exe
2017-02-28 20:19:55.891+0000 INFO  [o.n.k.i.DiagnosticsManager] sun.boot.library.path = c:\program files\java\jre1.8.0_121\bin
2017-02-28 20:19:55.891+0000 INFO  [o.n.k.i.DiagnosticsManager] exe4j.consoleCodepage = cp0
2017-02-28 20:19:55.891+0000 INFO  [o.n.k.i.DiagnosticsManager] path.separator = ;
2017-02-28 20:19:55.891+0000 INFO  [o.n.k.i.DiagnosticsManager] file.encoding.pkg = sun.io
2017-02-28 20:19:55.891+0000 INFO  [o.n.k.i.DiagnosticsManager] user.country = US
2017-02-28 20:19:55.891+0000 INFO  [o.n.k.i.DiagnosticsManager] user.script = 
2017-02-28 20:19:55.891+0000 INFO  [o.n.k.i.DiagnosticsManager] sun.os.patch.level = 
2017-02-28 20:19:55.891+0000 INFO  [o.n.k.i.DiagnosticsManager] install4j.exeDir = C:\Program Files\Neo4j CE 3.1.1\bin\
2017-02-28 20:19:55.891+0000 INFO  [o.n.k.i.DiagnosticsManager] user.dir = C:\Program Files\Neo4j CE 3.1.1\bin
2017-02-28 20:19:55.891+0000 INFO  [o.n.k.i.DiagnosticsManager] user.variant = 
2017-02-28 20:19:55.891+0000 INFO  [o.n.k.i.DiagnosticsManager] exe4j.tempDir = 
2017-02-28 20:19:55.891+0000 INFO  [o.n.k.i.DiagnosticsManager] sun.jnu.encoding = Cp1252
2017-02-28 20:19:55.891+0000 INFO  [o.n.k.i.DiagnosticsManager] sun.nio.ch.bugLevel = 
2017-02-28 20:19:55.891+0000 INFO  [o.n.k.i.DiagnosticsManager] unsupported.dbms.udc.source = desktop
2017-02-28 20:19:55.891+0000 INFO  [o.n.k.i.DiagnosticsManager] sun.awt.enableExtraMouseButtons = true
2017-02-28 20:19:55.891+0000 INFO  [o.n.k.i.DiagnosticsManager] install4j.launcherId = 24
2017-02-28 20:19:55.891+0000 INFO  [o.n.k.i.DiagnosticsManager] sun.management.compiler = HotSpot 64-Bit Tiered Compilers
2017-02-28 20:19:55.891+0000 INFO  [o.n.k.i.DiagnosticsManager] exe4j.isInstall4j = true
2017-02-28 20:19:55.891+0000 INFO  [o.n.k.i.DiagnosticsManager] install4j.swt = false
2017-02-28 20:19:55.891+0000 INFO  [o.n.k.i.DiagnosticsManager] user.home = C:\Users\localadmin
2017-02-28 20:19:55.891+0000 INFO  [o.n.k.i.DiagnosticsManager] user.timezone = America/New_York
2017-02-28 20:19:55.891+0000 INFO  [o.n.k.i.DiagnosticsManager] file.encoding = Cp1252
2017-02-28 20:19:55.891+0000 INFO  [o.n.k.i.DiagnosticsManager] user.name = localadmin
2017-02-28 20:19:55.891+0000 INFO  [o.n.k.i.DiagnosticsManager] sun.java.command = C:\Program Files\Neo4j CE 3.1.1\bin\neo4j-ce.exe
2017-02-28 20:19:55.891+0000 INFO  [o.n.k.i.DiagnosticsManager] sun.arch.data.model = 64
2017-02-28 20:19:55.891+0000 INFO  [o.n.k.i.DiagnosticsManager] exe4j.launchName = C:\Program Files\Neo4j CE 3.1.1\bin\neo4j-ce.exe
2017-02-28 20:19:55.891+0000 INFO  [o.n.k.i.DiagnosticsManager] user.language = en
2017-02-28 20:19:55.891+0000 INFO  [o.n.k.i.DiagnosticsManager] awt.toolkit = sun.awt.windows.WToolkit
2017-02-28 20:19:55.891+0000 INFO  [o.n.k.i.DiagnosticsManager] exe4j.unextractedPosition = 0
2017-02-28 20:19:55.891+0000 INFO  [o.n.k.i.DiagnosticsManager] install4j.appDir = C:\Program Files\Neo4j CE 3.1.1\
2017-02-28 20:19:55.891+0000 INFO  [o.n.k.i.DiagnosticsManager] file.separator = \
2017-02-28 20:19:55.891+0000 INFO  [o.n.k.i.DiagnosticsManager] sun.io.unicode.encoding = UnicodeLittle
2017-02-28 20:19:55.891+0000 INFO  [o.n.k.i.DiagnosticsManager] sun.cpu.endian = little
2017-02-28 20:19:55.891+0000 INFO  [o.n.k.i.DiagnosticsManager] sun.desktop = windows
2017-02-28 20:19:55.891+0000 INFO  [o.n.k.i.DiagnosticsManager] sun.cpu.isalist = amd64
2017-02-28 20:19:55.891+0000 INFO  [o.n.k.i.DiagnosticsManager] Network information:
2017-02-28 20:19:55.937+0000 INFO  [o.n.k.i.DiagnosticsManager] Interface Software Loopback Interface 1:
2017-02-28 20:19:55.937+0000 INFO  [o.n.k.i.DiagnosticsManager]     address: 127.0.0.1
2017-02-28 20:19:55.937+0000 INFO  [o.n.k.i.DiagnosticsManager]     address: 0:0:0:0:0:0:0:1
2017-02-28 20:19:55.937+0000 INFO  [o.n.k.i.DiagnosticsManager] Interface Marvell AVASTAR Wireless-AC Network Controller:
2017-02-28 20:19:55.937+0000 INFO  [o.n.k.i.DiagnosticsManager]     address: 10.35.2.11
2017-02-28 20:19:55.937+0000 INFO  [o.n.k.i.DiagnosticsManager]     address: fe80:0:0:0:5c9a:e6d9:5bfe:efe8%wlan0
2017-02-28 20:19:55.937+0000 INFO  [o.n.k.i.DiagnosticsManager] Interface VirtualBox Host-Only Ethernet Adapter:
2017-02-28 20:19:55.938+0000 INFO  [o.n.k.i.DiagnosticsManager] Interface WAN Miniport (SSTP):
2017-02-28 20:19:55.938+0000 INFO  [o.n.k.i.DiagnosticsManager] Interface PdaNet Broadband Adapter:
2017-02-28 20:19:55.938+0000 INFO  [o.n.k.i.DiagnosticsManager] Interface Microsoft ISATAP Adapter:
2017-02-28 20:19:55.938+0000 INFO  [o.n.k.i.DiagnosticsManager] Interface Microsoft Kernel Debug Network Adapter:
2017-02-28 20:19:55.938+0000 INFO  [o.n.k.i.DiagnosticsManager] Interface WAN Miniport (IKEv2):
2017-02-28 20:19:55.938+0000 INFO  [o.n.k.i.DiagnosticsManager] Interface Microsoft ISATAP Adapter #3:
2017-02-28 20:19:55.938+0000 INFO  [o.n.k.i.DiagnosticsManager] Interface TAP-Windows Adapter V9:
2017-02-28 20:19:55.938+0000 INFO  [o.n.k.i.DiagnosticsManager] Interface Microsoft ISATAP Adapter #2:
2017-02-28 20:19:55.938+0000 INFO  [o.n.k.i.DiagnosticsManager]     address: fe80:0:0:0:0:5efe:a23:20b%net4
2017-02-28 20:19:55.938+0000 INFO  [o.n.k.i.DiagnosticsManager] Interface WAN Miniport (Network Monitor):
2017-02-28 20:19:55.938+0000 INFO  [o.n.k.i.DiagnosticsManager] Interface Microsoft Wi-Fi Direct Virtual Adapter:
2017-02-28 20:19:55.938+0000 INFO  [o.n.k.i.DiagnosticsManager]     address: fe80:0:0:0:410d:5d98:74c7:61ba%wlan1
2017-02-28 20:19:55.938+0000 INFO  [o.n.k.i.DiagnosticsManager] Interface WAN Miniport (PPPOE):
2017-02-28 20:19:55.938+0000 INFO  [o.n.k.i.DiagnosticsManager] Interface Microsoft Teredo Tunneling Adapter:
2017-02-28 20:19:55.938+0000 INFO  [o.n.k.i.DiagnosticsManager]     address: 2001:0:d58:1ef1:45d:ad7:6905:faed
2017-02-28 20:19:55.938+0000 INFO  [o.n.k.i.DiagnosticsManager]     address: fe80:0:0:0:45d:ad7:6905:faed%net5
2017-02-28 20:19:55.938+0000 INFO  [o.n.k.i.DiagnosticsManager] Interface ASIX AX88772B USB2.0 to Fast Ethernet Adapter:
2017-02-28 20:19:55.938+0000 INFO  [o.n.k.i.DiagnosticsManager] Interface WAN Miniport (PPTP):
2017-02-28 20:19:55.938+0000 INFO  [o.n.k.i.DiagnosticsManager] Interface Bluetooth PAN HelpText:
2017-02-28 20:19:55.938+0000 INFO  [o.n.k.i.DiagnosticsManager] Interface Bluetooth Device (RFCOMM Protocol TDI):
2017-02-28 20:19:55.938+0000 INFO  [o.n.k.i.DiagnosticsManager] Interface WAN Miniport (IPv6):
2017-02-28 20:19:55.938+0000 INFO  [o.n.k.i.DiagnosticsManager] Interface WAN Miniport (L2TP):
2017-02-28 20:19:55.938+0000 INFO  [o.n.k.i.DiagnosticsManager] Interface WAN Miniport (IP):
2017-02-28 20:19:55.938+0000 INFO  [o.n.k.i.DiagnosticsManager] Interface Marvell AVASTAR Wireless-AC Network Controller-WFP Native MAC Layer LightWeight Filter-0000:
2017-02-28 20:19:55.938+0000 INFO  [o.n.k.i.DiagnosticsManager] Interface Marvell AVASTAR Wireless-AC Network Controller-Virtual WiFi Filter Driver-0000:
2017-02-28 20:19:55.938+0000 INFO  [o.n.k.i.DiagnosticsManager] Interface Marvell AVASTAR Wireless-AC Network Controller-Native WiFi Filter Driver-0000:
2017-02-28 20:19:55.938+0000 INFO  [o.n.k.i.DiagnosticsManager] Interface Marvell AVASTAR Wireless-AC Network Controller-QoS Packet Scheduler-0000:
2017-02-28 20:19:55.938+0000 INFO  [o.n.k.i.DiagnosticsManager] Interface Marvell AVASTAR Wireless-AC Network Controller-WFP 802.3 MAC Layer LightWeight Filter-0000:
2017-02-28 20:19:55.938+0000 INFO  [o.n.k.i.DiagnosticsManager] Interface Microsoft Wi-Fi Direct Virtual Adapter-WFP Native MAC Layer LightWeight Filter-0000:
2017-02-28 20:19:55.938+0000 INFO  [o.n.k.i.DiagnosticsManager] Interface Microsoft Wi-Fi Direct Virtual Adapter-Native WiFi Filter Driver-0000:
2017-02-28 20:19:55.938+0000 INFO  [o.n.k.i.DiagnosticsManager] Interface Microsoft Wi-Fi Direct Virtual Adapter-VirtualBox NDIS Light-Weight Filter-0000:
2017-02-28 20:19:55.938+0000 INFO  [o.n.k.i.DiagnosticsManager] Interface Microsoft Wi-Fi Direct Virtual Adapter-QoS Packet Scheduler-0000:
2017-02-28 20:19:55.938+0000 INFO  [o.n.k.i.DiagnosticsManager] Interface Microsoft Wi-Fi Direct Virtual Adapter-WFP 802.3 MAC Layer LightWeight Filter-0000:
2017-02-28 20:19:55.938+0000 INFO  [o.n.k.i.DiagnosticsManager] Interface WAN Miniport (IP)-WFP Native MAC Layer LightWeight Filter-0000:
2017-02-28 20:19:55.938+0000 INFO  [o.n.k.i.DiagnosticsManager] Interface WAN Miniport (IP)-QoS Packet Scheduler-0000:
2017-02-28 20:19:55.938+0000 INFO  [o.n.k.i.DiagnosticsManager] Interface WAN Miniport (IPv6)-WFP Native MAC Layer LightWeight Filter-0000:
2017-02-28 20:19:55.938+0000 INFO  [o.n.k.i.DiagnosticsManager] Interface WAN Miniport (IPv6)-QoS Packet Scheduler-0000:
2017-02-28 20:19:55.938+0000 INFO  [o.n.k.i.DiagnosticsManager] Interface WAN Miniport (Network Monitor)-WFP Native MAC Layer LightWeight Filter-0000:
2017-02-28 20:19:55.938+0000 INFO  [o.n.k.i.DiagnosticsManager] Interface WAN Miniport (Network Monitor)-QoS Packet Scheduler-0000:
2017-02-28 20:19:55.938+0000 INFO  [o.n.k.i.DiagnosticsManager] --- INITIALIZED diagnostics END ---
2017-02-28 20:19:55.952+0000 INFO  [o.n.b.v.r.WorkerFactory] Bolt Server extension loaded.
2017-02-28 20:19:55.956+0000 INFO  [o.n.b.v.r.WorkerFactory] Bolt enabled on localhost:7687.
2017-02-28 20:19:55.964+0000 INFO  [o.n.k.i.s.f.RecordFormatSelector] Selected format 'RecordFormat:StandardV3_0[v0.A.7]' for the new store
2017-02-28 20:19:56.419+0000 INFO  [o.n.k.a.i.l.LuceneLabelScanStore] No lucene scan store index found, this might just be first use. Preparing to rebuild.
2017-02-28 20:19:56.446+0000 INFO  [o.n.k.NeoStoreDataSource] Opened logical log [C:\Users\localadmin\Documents\Code Repositories\GraphDb\Bourne\neostore.transaction.db.0] version=0, lastTxId=1 (clean)
2017-02-28 20:19:56.451+0000 WARN  [o.n.k.i.s.MetaDataStore] Missing counts store, rebuilding it.
2017-02-28 20:19:56.545+0000 INFO  [o.n.k.a.i.l.LuceneLabelScanStore] Rebuilding lucene scan store, this may take a while
2017-02-28 20:19:56.550+0000 INFO  [o.n.k.a.i.l.LuceneLabelScanStore] Lucene scan store rebuilt (roughly 0 nodes)
2017-02-28 20:19:56.556+0000 INFO  [o.n.k.i.DatabaseHealth] Database health set to OK
2017-02-28 20:19:56.572+0000 INFO  [o.n.k.AvailabilityGuard] Fulfilling of requirement makes database available: Database available
2017-02-28 20:19:56.577+0000 INFO  [o.n.k.i.f.GraphDatabaseFacadeFactory] Database is now ready
2017-02-28 20:19:56.581+0000 INFO  [o.n.k.i.DiagnosticsManager] --- STARTED diagnostics for KernelDiagnostics:Versions START ---
2017-02-28 20:19:56.586+0000 INFO  [o.n.k.i.DiagnosticsManager] Graph Database: community single StoreId{creationTime=1488313196386, randomId=-3637428143421060149, storeVersion=15531981201765894, upgradeTime=1488313196386, upgradeId=1}
2017-02-28 20:19:56.591+0000 INFO  [o.n.k.i.DiagnosticsManager] Kernel version: 3.1.1
2017-02-28 20:19:56.595+0000 INFO  [o.n.k.i.DiagnosticsManager] --- STARTED diagnostics for KernelDiagnostics:Versions END ---
2017-02-28 20:19:56.602+0000 INFO  [o.n.k.i.DiagnosticsManager] --- STARTED diagnostics for NEO_STORE_VERSIONS START ---
2017-02-28 20:19:56.606+0000 INFO  [o.n.k.i.DiagnosticsManager] Store versions:
2017-02-28 20:19:56.611+0000 INFO  [o.n.k.i.DiagnosticsManager] Store versions:
2017-02-28 20:19:56.615+0000 INFO  [o.n.k.i.DiagnosticsManager]   ArrayPropertyStore v0.A.7
2017-02-28 20:19:56.620+0000 INFO  [o.n.k.i.DiagnosticsManager]   NodeStore v0.A.7
2017-02-28 20:19:56.623+0000 INFO  [o.n.k.i.DiagnosticsManager]   StringPropertyStore v0.A.7
2017-02-28 20:19:56.629+0000 INFO  [o.n.k.i.DiagnosticsManager]   PropertyIndexStore v0.A.7
2017-02-28 20:19:56.634+0000 INFO  [o.n.k.i.DiagnosticsManager]   StringPropertyStore v0.A.7
2017-02-28 20:19:56.639+0000 INFO  [o.n.k.i.DiagnosticsManager]   ArrayPropertyStore v0.A.7
2017-02-28 20:19:56.643+0000 INFO  [o.n.k.i.DiagnosticsManager]   PropertyStore v0.A.7
2017-02-28 20:19:56.647+0000 INFO  [o.n.k.i.DiagnosticsManager]   RelationshipStore v0.A.7
2017-02-28 20:19:56.651+0000 INFO  [o.n.k.i.DiagnosticsManager]   StringPropertyStore v0.A.7
2017-02-28 20:19:56.655+0000 INFO  [o.n.k.i.DiagnosticsManager]   RelationshipTypeStore v0.A.7
2017-02-28 20:19:56.658+0000 INFO  [o.n.k.i.DiagnosticsManager]   StringPropertyStore v0.A.7
2017-02-28 20:19:56.663+0000 INFO  [o.n.k.i.DiagnosticsManager]   LabelTokenStore v0.A.7
2017-02-28 20:19:56.667+0000 INFO  [o.n.k.i.DiagnosticsManager]   SchemaStore v0.A.7
2017-02-28 20:19:56.671+0000 INFO  [o.n.k.i.DiagnosticsManager]   RelationshipGroupStore v0.A.7
2017-02-28 20:19:56.676+0000 INFO  [o.n.k.i.DiagnosticsManager]   NeoStore v0.A.7
2017-02-28 20:19:56.682+0000 INFO  [o.n.k.i.DiagnosticsManager] --- STARTED diagnostics for NEO_STORE_VERSIONS END ---
2017-02-28 20:19:56.686+0000 INFO  [o.n.k.i.DiagnosticsManager] --- STARTED diagnostics for NEO_STORE_ID_USAGE START ---
2017-02-28 20:19:56.690+0000 INFO  [o.n.k.i.DiagnosticsManager] Id usage:
2017-02-28 20:19:56.695+0000 INFO  [o.n.k.i.DiagnosticsManager] Id usage:
2017-02-28 20:19:56.699+0000 INFO  [o.n.k.i.DiagnosticsManager]   ArrayPropertyStore: used=1 high=0
2017-02-28 20:19:56.702+0000 INFO  [o.n.k.i.DiagnosticsManager]   NodeStore: used=0 high=-1
2017-02-28 20:19:56.707+0000 INFO  [o.n.k.i.DiagnosticsManager]   StringPropertyStore: used=1 high=0
2017-02-28 20:19:56.713+0000 INFO  [o.n.k.i.DiagnosticsManager]   PropertyIndexStore: used=0 high=-1
2017-02-28 20:19:56.718+0000 INFO  [o.n.k.i.DiagnosticsManager]   StringPropertyStore: used=1 high=0
2017-02-28 20:19:56.722+0000 INFO  [o.n.k.i.DiagnosticsManager]   ArrayPropertyStore: used=1 high=0
2017-02-28 20:19:56.728+0000 INFO  [o.n.k.i.DiagnosticsManager]   PropertyStore: used=0 high=-1
2017-02-28 20:19:56.732+0000 INFO  [o.n.k.i.DiagnosticsManager]   RelationshipStore: used=0 high=-1
2017-02-28 20:19:56.736+0000 INFO  [o.n.k.i.DiagnosticsManager]   StringPropertyStore: used=1 high=0
2017-02-28 20:19:56.740+0000 INFO  [o.n.k.i.DiagnosticsManager]   RelationshipTypeStore: used=0 high=-1
2017-02-28 20:19:56.745+0000 INFO  [o.n.k.i.DiagnosticsManager]   StringPropertyStore: used=1 high=0
2017-02-28 20:19:56.749+0000 INFO  [o.n.k.i.DiagnosticsManager]   LabelTokenStore: used=0 high=-1
2017-02-28 20:19:56.754+0000 INFO  [o.n.k.i.DiagnosticsManager]   SchemaStore: used=1 high=0
2017-02-28 20:19:56.758+0000 INFO  [o.n.k.i.DiagnosticsManager]   RelationshipGroupStore: used=1 high=0
2017-02-28 20:19:56.762+0000 INFO  [o.n.k.i.DiagnosticsManager]   NeoStore: used=15 high=14
2017-02-28 20:19:56.766+0000 INFO  [o.n.k.i.DiagnosticsManager] --- STARTED diagnostics for NEO_STORE_ID_USAGE END ---
2017-02-28 20:19:56.771+0000 INFO  [o.n.k.i.DiagnosticsManager] --- STARTED diagnostics for NEO_STORE_RECORDS START ---
2017-02-28 20:19:56.775+0000 INFO  [o.n.k.i.DiagnosticsManager] Neostore records:
2017-02-28 20:19:56.779+0000 INFO  [o.n.k.i.DiagnosticsManager] TIME (Creation time): 1488313196386
2017-02-28 20:19:56.783+0000 INFO  [o.n.k.i.DiagnosticsManager] RANDOM_NUMBER (Random number for store id): -3637428143421060149
2017-02-28 20:19:56.786+0000 INFO  [o.n.k.i.DiagnosticsManager] LOG_VERSION (Current log version): 0
2017-02-28 20:19:56.790+0000 INFO  [o.n.k.i.DiagnosticsManager] LAST_TRANSACTION_ID (Last committed transaction): 1
2017-02-28 20:19:56.796+0000 INFO  [o.n.k.i.DiagnosticsManager] STORE_VERSION (Store format version): 15531981201765894
2017-02-28 20:19:56.800+0000 INFO  [o.n.k.i.DiagnosticsManager] FIRST_GRAPH_PROPERTY (First property record containing graph properties): -1
2017-02-28 20:19:56.803+0000 INFO  [o.n.k.i.DiagnosticsManager] LAST_CONSTRAINT_TRANSACTION (Last committed transaction containing constraint changes): 0
2017-02-28 20:19:56.808+0000 INFO  [o.n.k.i.DiagnosticsManager] UPGRADE_TRANSACTION_ID (Transaction id most recent upgrade was performed at): 1
2017-02-28 20:19:56.814+0000 INFO  [o.n.k.i.DiagnosticsManager] UPGRADE_TIME (Time of last upgrade): 1488313196386
2017-02-28 20:19:56.818+0000 INFO  [o.n.k.i.DiagnosticsManager] LAST_TRANSACTION_CHECKSUM (Checksum of last committed transaction): 0
2017-02-28 20:19:56.822+0000 INFO  [o.n.k.i.DiagnosticsManager] UPGRADE_TRANSACTION_CHECKSUM (Checksum of transaction id the most recent upgrade was performed at): 0
2017-02-28 20:19:56.826+0000 INFO  [o.n.k.i.DiagnosticsManager] LAST_CLOSED_TRANSACTION_LOG_VERSION (Log version where the last transaction commit entry has been written into): 0
2017-02-28 20:19:56.830+0000 INFO  [o.n.k.i.DiagnosticsManager] LAST_CLOSED_TRANSACTION_LOG_BYTE_OFFSET (Byte offset in the log file where the last transaction commit entry has been written into): 16
2017-02-28 20:19:56.834+0000 INFO  [o.n.k.i.DiagnosticsManager] LAST_TRANSACTION_COMMIT_TIMESTAMP (Commit time timestamp for last committed transaction): 0
2017-02-28 20:19:56.838+0000 INFO  [o.n.k.i.DiagnosticsManager] UPGRADE_TRANSACTION_COMMIT_TIMESTAMP (Commit timestamp of transaction the most recent upgrade was performed at): 0
2017-02-28 20:19:56.842+0000 INFO  [o.n.k.i.DiagnosticsManager] --- STARTED diagnostics for NEO_STORE_RECORDS END ---
2017-02-28 20:19:56.846+0000 INFO  [o.n.k.i.DiagnosticsManager] --- STARTED diagnostics for TRANSACTION_RANGE START ---
2017-02-28 20:19:56.851+0000 INFO  [o.n.k.i.DiagnosticsManager] Transaction log:
2017-02-28 20:19:56.855+0000 INFO  [o.n.k.i.DiagnosticsManager] No transactions found in any log
2017-02-28 20:19:56.859+0000 INFO  [o.n.k.i.DiagnosticsManager] --- STARTED diagnostics for TRANSACTION_RANGE END ---
2017-02-28 20:19:56.863+0000 INFO  [o.n.k.i.DiagnosticsManager] --- STARTED diagnostics for KernelDiagnostics:StoreFiles START ---
2017-02-28 20:19:56.868+0000 INFO  [o.n.k.i.DiagnosticsManager] Disk space on partition (Total / Free / Free %): 254687571968 / 98023780352 / 38
Storage files: (filename : modification date - size)
2017-02-28 20:19:56.872+0000 INFO  [o.n.k.i.DiagnosticsManager]   certificates:
2017-02-28 20:19:56.877+0000 INFO  [o.n.k.i.DiagnosticsManager]     neo4j.cert: 2017-02-28T15:19:55-0500 - 1002.00 B
2017-02-28 20:19:56.881+0000 INFO  [o.n.k.i.DiagnosticsManager]     neo4j.key: 2017-02-28T15:19:55-0500 - 1.69 kB
2017-02-28 20:19:56.886+0000 INFO  [o.n.k.i.DiagnosticsManager]   - Total: 2017-02-28T15:19:55-0500 - 2.67 kB
2017-02-28 20:19:56.890+0000 INFO  [o.n.k.i.DiagnosticsManager]   index:
2017-02-28 20:19:56.895+0000 INFO  [o.n.k.i.DiagnosticsManager]   - Total: 2017-02-28T15:19:56-0500 - 0.00 B
2017-02-28 20:19:56.899+0000 INFO  [o.n.k.i.DiagnosticsManager]   logs:
2017-02-28 20:19:56.903+0000 INFO  [o.n.k.i.DiagnosticsManager]     debug.log: 2017-02-28T15:19:55-0500 - 29.90 kB
2017-02-28 20:19:56.907+0000 INFO  [o.n.k.i.DiagnosticsManager]   - Total: 2017-02-28T15:19:55-0500 - 29.90 kB
2017-02-28 20:19:56.914+0000 INFO  [o.n.k.i.DiagnosticsManager]   neostore: 2017-02-28T15:19:56-0500 - 8.00 kB
2017-02-28 20:19:56.918+0000 INFO  [o.n.k.i.DiagnosticsManager]   neostore.counts.db.a: 2017-02-28T15:19:56-0500 - 96.00 B
2017-02-28 20:19:56.924+0000 INFO  [o.n.k.i.DiagnosticsManager]   neostore.id: 2017-02-28T15:19:56-0500 - 9.00 B
2017-02-28 20:19:56.928+0000 INFO  [o.n.k.i.DiagnosticsManager]   neostore.labeltokenstore.db: 2017-02-28T15:19:56-0500 - 0.00 B
2017-02-28 20:19:56.933+0000 INFO  [o.n.k.i.DiagnosticsManager]   neostore.labeltokenstore.db.id: 2017-02-28T15:19:56-0500 - 9.00 B
2017-02-28 20:19:56.937+0000 INFO  [o.n.k.i.DiagnosticsManager]   neostore.labeltokenstore.db.names: 2017-02-28T15:19:56-0500 - 8.00 kB
2017-02-28 20:19:56.942+0000 INFO  [o.n.k.i.DiagnosticsManager]   neostore.labeltokenstore.db.names.id: 2017-02-28T15:19:56-0500 - 9.00 B
2017-02-28 20:19:56.946+0000 INFO  [o.n.k.i.DiagnosticsManager]   neostore.nodestore.db: 2017-02-28T15:19:55-0500 - 0.00 B
2017-02-28 20:19:56.951+0000 INFO  [o.n.k.i.DiagnosticsManager]   neostore.nodestore.db.id: 2017-02-28T15:19:56-0500 - 9.00 B
2017-02-28 20:19:56.955+0000 INFO  [o.n.k.i.DiagnosticsManager]   neostore.nodestore.db.labels: 2017-02-28T15:19:55-0500 - 8.00 kB
2017-02-28 20:19:56.959+0000 INFO  [o.n.k.i.DiagnosticsManager]   neostore.nodestore.db.labels.id: 2017-02-28T15:19:55-0500 - 9.00 B
2017-02-28 20:19:56.963+0000 INFO  [o.n.k.i.DiagnosticsManager]   neostore.propertystore.db: 2017-02-28T15:19:56-0500 - 0.00 B
2017-02-28 20:19:56.967+0000 INFO  [o.n.k.i.DiagnosticsManager]   neostore.propertystore.db.arrays: 2017-02-28T15:19:56-0500 - 8.00 kB
2017-02-28 20:19:56.972+0000 INFO  [o.n.k.i.DiagnosticsManager]   neostore.propertystore.db.arrays.id: 2017-02-28T15:19:56-0500 - 9.00 B
2017-02-28 20:19:56.977+0000 INFO  [o.n.k.i.DiagnosticsManager]   neostore.propertystore.db.id: 2017-02-28T15:19:56-0500 - 9.00 B
2017-02-28 20:19:56.981+0000 INFO  [o.n.k.i.DiagnosticsManager]   neostore.propertystore.db.index: 2017-02-28T15:19:56-0500 - 0.00 B
2017-02-28 20:19:56.985+0000 INFO  [o.n.k.i.DiagnosticsManager]   neostore.propertystore.db.index.id: 2017-02-28T15:19:56-0500 - 9.00 B
2017-02-28 20:19:56.989+0000 INFO  [o.n.k.i.DiagnosticsManager]   neostore.propertystore.db.index.keys: 2017-02-28T15:19:56-0500 - 8.00 kB
2017-02-28 20:19:56.994+0000 INFO  [o.n.k.i.DiagnosticsManager]   neostore.propertystore.db.index.keys.id: 2017-02-28T15:19:56-0500 - 9.00 B
2017-02-28 20:19:56.999+0000 INFO  [o.n.k.i.DiagnosticsManager]   neostore.propertystore.db.strings: 2017-02-28T15:19:56-0500 - 8.00 kB
2017-02-28 20:19:57.003+0000 INFO  [o.n.k.i.DiagnosticsManager]   neostore.propertystore.db.strings.id: 2017-02-28T15:19:56-0500 - 9.00 B
2017-02-28 20:19:57.010+0000 INFO  [o.n.k.i.DiagnosticsManager]   neostore.relationshipgroupstore.db: 2017-02-28T15:19:56-0500 - 8.00 kB
2017-02-28 20:19:57.016+0000 INFO  [o.n.k.i.DiagnosticsManager]   neostore.relationshipgroupstore.db.id: 2017-02-28T15:19:56-0500 - 9.00 B
2017-02-28 20:19:57.020+0000 INFO  [o.n.k.i.DiagnosticsManager]   neostore.relationshipstore.db: 2017-02-28T15:19:56-0500 - 0.00 B
2017-02-28 20:19:57.027+0000 INFO  [o.n.k.i.DiagnosticsManager]   neostore.relationshipstore.db.id: 2017-02-28T15:19:56-0500 - 9.00 B
2017-02-28 20:19:57.031+0000 INFO  [o.n.k.i.DiagnosticsManager]   neostore.relationshiptypestore.db: 2017-02-28T15:19:56-0500 - 0.00 B
2017-02-28 20:19:57.036+0000 INFO  [o.n.k.i.DiagnosticsManager]   neostore.relationshiptypestore.db.id: 2017-02-28T15:19:56-0500 - 9.00 B
2017-02-28 20:19:57.040+0000 INFO  [o.n.k.i.DiagnosticsManager]   neostore.relationshiptypestore.db.names: 2017-02-28T15:19:56-0500 - 8.00 kB
2017-02-28 20:19:57.045+0000 INFO  [o.n.k.i.DiagnosticsManager]   neostore.relationshiptypestore.db.names.id: 2017-02-28T15:19:56-0500 - 9.00 B
2017-02-28 20:19:57.049+0000 INFO  [o.n.k.i.DiagnosticsManager]   neostore.schemastore.db: 2017-02-28T15:19:56-0500 - 8.00 kB
2017-02-28 20:19:57.053+0000 INFO  [o.n.k.i.DiagnosticsManager]   neostore.schemastore.db.id: 2017-02-28T15:19:56-0500 - 9.00 B
2017-02-28 20:19:57.058+0000 INFO  [o.n.k.i.DiagnosticsManager]   neostore.transaction.db.0: 2017-02-28T15:19:56-0500 - 16.00 B
2017-02-28 20:19:57.062+0000 INFO  [o.n.k.i.DiagnosticsManager]   schema:
2017-02-28 20:19:57.067+0000 INFO  [o.n.k.i.DiagnosticsManager]     label:
2017-02-28 20:19:57.071+0000 INFO  [o.n.k.i.DiagnosticsManager]       lucene:
2017-02-28 20:19:57.074+0000 INFO  [o.n.k.i.DiagnosticsManager]         labelStore:
2017-02-28 20:19:57.080+0000 INFO  [o.n.k.i.DiagnosticsManager]           1:
2017-02-28 20:19:57.083+0000 INFO  [o.n.k.i.DiagnosticsManager]             write.lock: 2017-02-28T15:19:56-0500 - 0.00 B
2017-02-28 20:19:57.087+0000 INFO  [o.n.k.i.DiagnosticsManager]           - Total: 2017-02-28T15:19:56-0500 - 0.00 B
2017-02-28 20:19:57.093+0000 INFO  [o.n.k.i.DiagnosticsManager]           failure-message: 2017-02-28T15:19:56-0500 - 16.00 kB
2017-02-28 20:19:57.097+0000 INFO  [o.n.k.i.DiagnosticsManager]         - Total: 2017-02-28T15:19:56-0500 - 16.00 kB
2017-02-28 20:19:57.101+0000 INFO  [o.n.k.i.DiagnosticsManager]       - Total: 2017-02-28T15:19:56-0500 - 16.00 kB
2017-02-28 20:19:57.105+0000 INFO  [o.n.k.i.DiagnosticsManager]     - Total: 2017-02-28T15:19:56-0500 - 16.00 kB
2017-02-28 20:19:57.112+0000 INFO  [o.n.k.i.DiagnosticsManager]   - Total: 2017-02-28T15:19:56-0500 - 16.00 kB
2017-02-28 20:19:57.116+0000 INFO  [o.n.k.i.DiagnosticsManager]   store_lock: 2017-02-28T15:19:55-0500 - 0.00 B
2017-02-28 20:19:57.120+0000 INFO  [o.n.k.i.DiagnosticsManager] --- STARTED diagnostics for KernelDiagnostics:StoreFiles END ---
2017-02-28 20:19:57.136+0000 INFO  [o.n.k.i.DiagnosticsManager] --- SERVER STARTED START ---
2017-02-28 20:19:57.649+0000 INFO  [o.n.k.i.DiagnosticsManager] --- SERVER STARTED END ---
2017-02-28 20:19:59.213+0000 INFO  [o.n.k.i.f.GraphDatabaseFacadeFactory] Shutdown started
2017-02-28 20:19:59.217+0000 INFO  [o.n.k.i.f.GraphDatabaseFacadeFactory] Database is now unavailable
2017-02-28 20:19:59.224+0000 INFO  [o.n.k.i.t.l.c.CheckPointerImpl] Check Pointing triggered by database shutdown [1]:  Starting check pointing...
2017-02-28 20:19:59.230+0000 INFO  [o.n.k.i.t.l.c.CheckPointerImpl] Check Pointing triggered by database shutdown [1]:  Starting store flush...
2017-02-28 20:19:59.262+0000 INFO  [o.n.k.i.t.l.c.CheckPointerImpl] Check Pointing triggered by database shutdown [1]:  Store flush completed
2017-02-28 20:19:59.266+0000 INFO  [o.n.k.i.t.l.c.CheckPointerImpl] Check Pointing triggered by database shutdown [1]:  Starting appending check point entry into the tx log...
2017-02-28 20:19:59.278+0000 INFO  [o.n.k.i.t.l.c.CheckPointerImpl] Check Pointing triggered by database shutdown [1]:  Appending check point entry into the tx log completed
2017-02-28 20:19:59.282+0000 INFO  [o.n.k.i.t.l.c.CheckPointerImpl] Check Pointing triggered by database shutdown [1]:  Check pointing completed
2017-02-28 20:19:59.286+0000 INFO  [o.n.k.i.t.l.p.LogPruningImpl] Log Rotation [0]:  Starting log pruning.
2017-02-28 20:19:59.290+0000 INFO  [o.n.k.i.t.l.p.LogPruningImpl] Log Rotation [0]:  Log pruning complete.
2017-02-28 20:19:59.580+0000 INFO  [o.n.k.i.DiagnosticsManager] --- STOPPING diagnostics START ---
2017-02-28 20:19:59.580+0000 INFO  [o.n.k.i.DiagnosticsManager] --- STOPPING diagnostics END ---
